app/build/intermediates/manifest_merge_blame_file/release/manifest-merger-blame-release-report.txt
1<?xml version="1.0" encoding="utf-8"?>
2<manifest xmlns:android="http://schemas.android.com/apk/res/android"
3    package="com.example.android.andymouse"
4    android:versionCode="1"
5    android:versionName="1.0" >
6
7    <uses-sdk
8        android:minSdkVersion="15"
8-->src/main/AndroidManifest.xml
9        android:targetSdkVersion="29" />
9-->src/main/AndroidManifest.xml
10
11    <uses-permission android:name="android.permission.INTERNET" />
11-->src/main/AndroidManifest.xml:5:5-67
11-->src/main/AndroidManifest.xml:5:22-64
12    <uses-permission android:name="android.permission.ACCESS_NETWORK_STATE" />
12-->src/main/AndroidManifest.xml:6:5-79
12-->src/main/AndroidManifest.xml:6:22-76
13
14    <application
14-->src/main/AndroidManifest.xml:8:5-35:19
15        android:allowBackup="true"
15-->src/main/AndroidManifest.xml:9:9-35
16        android:appComponentFactory="androidx.core.app.CoreComponentFactory"
16-->[androidx.core:core:1.0.1] AndroidManifest.xml:22:18-86
17        android:icon="@mipmap/ic_launcher"
17-->src/main/AndroidManifest.xml:10:9-43
18        android:label="@string/app_name"
18-->src/main/AndroidManifest.xml:11:9-41
19        android:roundIcon="@mipmap/ic_launcher_round"
19-->src/main/AndroidManifest.xml:12:9-54
20        android:supportsRtl="true"
20-->src/main/AndroidManifest.xml:13:9-35
21        android:theme="@style/AppTheme"
21-->src/main/AndroidManifest.xml:14:9-40
22        android:usesCleartextTraffic="true" >
22-->src/main/AndroidManifest.xml:15:9-44
23        <activity
23-->src/main/AndroidManifest.xml:16:9-21:20
24            android:name="com.example.android.andymouse.Touchpad"
24-->src/main/AndroidManifest.xml:16:19-43
25            android:parentActivityName="com.example.android.andymouse.Auth" >
25-->src/main/AndroidManifest.xml:17:19-53
26            <meta-data
26-->src/main/AndroidManifest.xml:18:13-20:41
27                android:name="android.support.PARENT_ACTIVITY"
27-->src/main/AndroidManifest.xml:19:17-63
28                android:value=".Auth" />
28-->src/main/AndroidManifest.xml:20:17-38
29        </activity>
30        <activity
30-->src/main/AndroidManifest.xml:22:9-27:20
31            android:name="com.example.android.andymouse.MainActivity"
31-->src/main/AndroidManifest.xml:22:19-47
32            android:parentActivityName="com.example.android.andymouse.Auth" >
32-->src/main/AndroidManifest.xml:23:13-47
33            <meta-data
33-->src/main/AndroidManifest.xml:18:13-20:41
34                android:name="android.support.PARENT_ACTIVITY"
34-->src/main/AndroidManifest.xml:19:17-63
35                android:value=".Auth" />
35-->src/main/AndroidManifest.xml:20:17-38
36        </activity>
37        <activity android:name="com.example.android.andymouse.Auth" >
37-->src/main/AndroidManifest.xml:28:9-34:20
37-->src/main/AndroidManifest.xml:28:19-39
38            <intent-filter>
38-->src/main/AndroidManifest.xml:29:13-33:29
39                <action android:name="android.intent.action.MAIN" />
39-->src/main/AndroidManifest.xml:30:17-68
39-->src/main/AndroidManifest.xml:30:25-66
40
41                <category android:name="android.intent.category.LAUNCHER" />
41-->src/main/AndroidManifest.xml:32:17-77
41-->src/main/AndroidManifest.xml:32:27-74
42            </intent-filter>
43        </activity>
44    </application>
45
46</manifest>